2003.06.14 22:21 B C:\mon site\Mes sites Web\monsiteweb\page 3_fichiers\filelist.xml --> users.belgacom.net /page 3_fichiers filelist.xml
2003.06.14 22:21 B C:\mon site\Mes sites Web\monsiteweb\page 3_fichiers\image001.gif --> users.belgacom.net /page 3_fichiers image001.gif
2003.06.15 21:14 B C:\mon site\Mes sites Web\monsiteweb\page 3_fichiers\WS_FTP.LOG --> users.belgacom.net /page 3_fichiers WS_FTP.LOG
2003.06.16 20:14 B C:\mon site\Mes sites Web\monsiteweb\page 3_fichiers\WS_FTP.LOG --> users.belgacom.net /page 3_fichiers WS_FTP.LOG
2003.06.19 21:55 B C:\mon site\Mes sites Web\monsiteweb\page 3_fichiers\WS_FTP.LOG --> users.belgacom.net /page 3_fichiers WS_FTP.LOG
2003.06.22 17:52 B C:\mon site\Mes sites Web\monsiteweb\page 3_fichiers\WS_FTP.LOG --> users.belgacom.net /page 3_fichiers WS_FTP.LOG
2003.06.23 22:53 B C:\mon site\Mes sites Web\monsiteweb\page 3_fichiers\WS_FTP.LOG --> users.belgacom.net /page 3_fichiers WS_FTP.LOG
2003.06.23 23:10 B C:\mon site\Mes sites Web\monsiteweb\page 3_fichiers\WS_FTP.LOG --> users.belgacom.net /page 3_fichiers WS_FTP.LOG
2003.11.25 21:54 B C:\mon site\Mes sites Web\monsiteweb\page 3_fichiers\WS_FTP.LOG --> users.belgacom.net /page 3_fichiers WS_FTP.LOG
2006.03.10 22:58 B C:\mon site\Mes sites Web\monsiteweb\page 3_fichiers\filelist.xml --> users.skynet.be /page 3_fichiers filelist.xml
2006.03.10 22:58 B C:\mon site\Mes sites Web\monsiteweb\page 3_fichiers\image001.gif --> users.skynet.be /page 3_fichiers image001.gif
2006.03.10 22:58 B C:\mon site\Mes sites Web\monsiteweb\page 3_fichiers\WS_FTP.LOG --> users.skynet.be /page 3_fichiers WS_FTP.LOG
2008.01.27 13:19 B C:\Documents and Settings\diane\Mes documents\Mes sites Web\mon site\Mes sites Web\monsiteweb\page 3_fichiers\filelist.xml --> users.skynet.be /page 3_fichiers filelist.xml
2008.01.27 13:19 B C:\Documents and Settings\diane\Mes documents\Mes sites Web\mon site\Mes sites Web\monsiteweb\page 3_fichiers\image001.gif --> users.skynet.be /page 3_fichiers image001.gif
2008.01.27 13:19 B C:\Documents and Settings\diane\Mes documents\Mes sites Web\mon site\Mes sites Web\monsiteweb\page 3_fichiers\Thumbs.db --> users.skynet.be /page 3_fichiers Thumbs.db
2008.01.27 13:19 B C:\Documents and Settings\diane\Mes documents\Mes sites Web\mon site\Mes sites Web\monsiteweb\page 3_fichiers\WS_FTP.LOG --> users.skynet.be /page 3_fichiers WS_FTP.LOG
2008.08.21 09:54 B C:\Documents and Settings\diane\Mes documents\Mes sites Web\mon site\Mes sites Web\monsiteweb\page 3_fichiers\filelist.xml --> users.skynet.be /page 3_fichiers filelist.xml
2008.08.21 09:54 B C:\Documents and Settings\diane\Mes documents\Mes sites Web\mon site\Mes sites Web\monsiteweb\page 3_fichiers\image001.gif --> users.skynet.be /page 3_fichiers image001.gif
2008.08.21 09:54 B C:\Documents and Settings\diane\Mes documents\Mes sites Web\mon site\Mes sites Web\monsiteweb\page 3_fichiers\Thumbs.db --> users.skynet.be /page 3_fichiers Thumbs.db
2008.08.21 09:54 B C:\Documents and Settings\diane\Mes documents\Mes sites Web\mon site\Mes sites Web\monsiteweb\page 3_fichiers\WS_FTP.LOG --> users.skynet.be /page 3_fichiers WS_FTP.LOG
2008.09.29 21:18 B C:\Documents and Settings\diane\Mes documents\Mes sites Web\mon site\Mes sites Web\monsiteweb\page 3_fichiers\filelist.xml --> users.skynet.be /page 3_fichiers filelist.xml
2008.09.29 21:18 B C:\Documents and Settings\diane\Mes documents\Mes sites Web\mon site\Mes sites Web\monsiteweb\page 3_fichiers\image001.gif --> users.skynet.be /page 3_fichiers image001.gif
2008.09.29 21:18 B C:\Documents and Settings\diane\Mes documents\Mes sites Web\mon site\Mes sites Web\monsiteweb\page 3_fichiers\Thumbs.db --> users.skynet.be /page 3_fichiers Thumbs.db
2008.09.29 21:18 B C:\Documents and Settings\diane\Mes documents\Mes sites Web\mon site\Mes sites Web\monsiteweb\page 3_fichiers\WS_FTP.LOG --> users.skynet.be /page 3_fichiers WS_FTP.LOG
2008.11.15 09:05 B C:\Documents and Settings\diane\Mes documents\Mes sites Web\mon site\Mes sites Web\monsiteweb\page 3_fichiers\filelist.xml --> users.skynet.be /page 3_fichiers filelist.xml
2008.11.15 09:05 B C:\Documents and Settings\diane\Mes documents\Mes sites Web\mon site\Mes sites Web\monsiteweb\page 3_fichiers\image001.gif --> users.skynet.be /page 3_fichiers image001.gif
2008.11.15 09:05 B C:\Documents and Settings\diane\Mes documents\Mes sites Web\mon site\Mes sites Web\monsiteweb\page 3_fichiers\Thumbs.db --> users.skynet.be /page 3_fichiers Thumbs.db
2008.11.15 09:05 B C:\Documents and Settings\diane\Mes documents\Mes sites Web\mon site\Mes sites Web\monsiteweb\page 3_fichiers\WS_FTP.LOG --> users.skynet.be /page 3_fichiers WS_FTP.LOG
2009.01.03 12:40 B C:\Documents and Settings\diane\Mes documents\Mes sites Web\mon site\Mes sites Web\monsiteweb\page 3_fichiers\filelist.xml --> users.skynet.be /page 3_fichiers filelist.xml
2009.01.03 12:40 B C:\Documents and Settings\diane\Mes documents\Mes sites Web\mon site\Mes sites Web\monsiteweb\page 3_fichiers\image001.gif --> users.skynet.be /page 3_fichiers image001.gif
2009.01.03 12:40 B C:\Documents and Settings\diane\Mes documents\Mes sites Web\mon site\Mes sites Web\monsiteweb\page 3_fichiers\Thumbs.db --> users.skynet.be /page 3_fichiers Thumbs.db
2009.01.03 12:40 B C:\Documents and Settings\diane\Mes documents\Mes sites Web\mon site\Mes sites Web\monsiteweb\page 3_fichiers\WS_FTP.LOG --> users.skynet.be /page 3_fichiers WS_FTP.LOG
2009.01.21 11:23 B C:\Documents and Settings\diane\Mes documents\Mes sites Web\mon site\Mes sites Web\monsiteweb\page 3_fichiers\filelist.xml --> users.skynet.be /page 3_fichiers filelist.xml
2009.01.21 11:23 B C:\Documents and Settings\diane\Mes documents\Mes sites Web\mon site\Mes sites Web\monsiteweb\page 3_fichiers\image001.gif --> users.skynet.be /page 3_fichiers image001.gif
2009.01.21 11:23 B C:\Documents and Settings\diane\Mes documents\Mes sites Web\mon site\Mes sites Web\monsiteweb\page 3_fichiers\Thumbs.db --> users.skynet.be /page 3_fichiers Thumbs.db
2009.01.21 11:23 B C:\Documents and Settings\diane\Mes documents\Mes sites Web\mon site\Mes sites Web\monsiteweb\page 3_fichiers\WS_FTP.LOG --> users.skynet.be /page 3_fichiers WS_FTP.LOG
2009.01.25 11:05 B C:\Documents and Settings\diane\Mes documents\Mes sites Web\mon site\Mes sites Web\monsiteweb\page 3_fichiers\filelist.xml --> users.skynet.be /page 3_fichiers filelist.xml
2009.01.25 11:05 B C:\Documents and Settings\diane\Mes documents\Mes sites Web\mon site\Mes sites Web\monsiteweb\page 3_fichiers\image001.gif --> users.skynet.be /page 3_fichiers image001.gif
2009.01.25 11:05 B C:\Documents and Settings\diane\Mes documents\Mes sites Web\mon site\Mes sites Web\monsiteweb\page 3_fichiers\Thumbs.db --> users.skynet.be /page 3_fichiers Thumbs.db
2009.01.25 11:05 B C:\Documents and Settings\diane\Mes documents\Mes sites Web\mon site\Mes sites Web\monsiteweb\page 3_fichiers\WS_FTP.LOG --> users.skynet.be /page 3_fichiers WS_FTP.LOG
2009.01.31 07:21 B C:\Documents and Settings\diane\Mes documents\Mes sites Web\mon site\Mes sites Web\monsiteweb\page 3_fichiers\filelist.xml --> users.skynet.be /page 3_fichiers filelist.xml
2009.01.31 07:21 B C:\Documents and Settings\diane\Mes documents\Mes sites Web\mon site\Mes sites Web\monsiteweb\page 3_fichiers\image001.gif --> users.skynet.be /page 3_fichiers image001.gif
2009.01.31 07:21 B C:\Documents and Settings\diane\Mes documents\Mes sites Web\mon site\Mes sites Web\monsiteweb\page 3_fichiers\Thumbs.db --> users.skynet.be /page 3_fichiers Thumbs.db
2009.01.31 07:21 B C:\Documents and Settings\diane\Mes documents\Mes sites Web\mon site\Mes sites Web\monsiteweb\page 3_fichiers\WS_FTP.LOG --> users.skynet.be /page 3_fichiers WS_FTP.LOG
2009.02.05 10:58 B C:\Documents and Settings\diane\Mes documents\Mes sites Web\mon site\Mes sites Web\monsiteweb\page 3_fichiers\filelist.xml --> users.skynet.be /page 3_fichiers filelist.xml
2009.02.05 10:58 B C:\Documents and Settings\diane\Mes documents\Mes sites Web\mon site\Mes sites Web\monsiteweb\page 3_fichiers\image001.gif --> users.skynet.be /page 3_fichiers image001.gif
2009.02.05 10:58 B C:\Documents and Settings\diane\Mes documents\Mes sites Web\mon site\Mes sites Web\monsiteweb\page 3_fichiers\Thumbs.db --> users.skynet.be /page 3_fichiers Thumbs.db
2009.02.05 10:58 B C:\Documents and Settings\diane\Mes documents\Mes sites Web\mon site\Mes sites Web\monsiteweb\page 3_fichiers\WS_FTP.LOG --> users.skynet.be /page 3_fichiers WS_FTP.LOG
2009.02.05 10:58 B C:\Documents and Settings\diane\Mes documents\Mes sites Web\mon site\Mes sites Web\monsiteweb\page 3_fichiers\WS_FTP.LOG --> users.skynet.be /page 3_fichiers WS_FTP.LOG
2009.02.21 15:36 B C:\Documents and Settings\diane\Mes documents\Mes sites Web\mon site\Mes sites Web\monsiteweb\page 3_fichiers\filelist.xml --> users.skynet.be /page 3_fichiers filelist.xml
2009.02.21 15:36 B C:\Documents and Settings\diane\Mes documents\Mes sites Web\mon site\Mes sites Web\monsiteweb\page 3_fichiers\image001.gif --> users.skynet.be /page 3_fichiers image001.gif
2009.02.21 15:36 B C:\Documents and Settings\diane\Mes documents\Mes sites Web\mon site\Mes sites Web\monsiteweb\page 3_fichiers\Thumbs.db --> users.skynet.be /page 3_fichiers Thumbs.db
2009.02.21 15:36 B C:\Documents and Settings\diane\Mes documents\Mes sites Web\mon site\Mes sites Web\monsiteweb\page 3_fichiers\WS_FTP.LOG --> users.skynet.be /page 3_fichiers WS_FTP.LOG
2009.02.24 10:34 B C:\Documents and Settings\diane\Mes documents\Mes sites Web\mon site\Mes sites Web\monsiteweb\page 3_fichiers\filelist.xml --> users.skynet.be /page 3_fichiers filelist.xml
2009.02.24 10:34 B C:\Documents and Settings\diane\Mes documents\Mes sites Web\mon site\Mes sites Web\monsiteweb\page 3_fichiers\image001.gif --> users.skynet.be /page 3_fichiers image001.gif
2009.02.24 10:34 B C:\Documents and Settings\diane\Mes documents\Mes sites Web\mon site\Mes sites Web\monsiteweb\page 3_fichiers\Thumbs.db --> users.skynet.be /page 3_fichiers Thumbs.db
