2003.11.25 21:49 B C:\mon site\Mes sites Web\monsiteweb\_vti_pvt\_vti_cnf\_x_todo.htm --> users.belgacom.net /_vti_pvt/_vti_cnf _x_todo.htm
2003.11.25 21:49 B C:\mon site\Mes sites Web\monsiteweb\_vti_pvt\_vti_cnf\_x_todoh.htm --> users.belgacom.net /_vti_pvt/_vti_cnf _x_todoh.htm
2006.03.10 22:58 B C:\mon site\Mes sites Web\monsiteweb\_vti_pvt\_vti_cnf\_x_todo.htm --> users.skynet.be /_vti_pvt/_vti_cnf _x_todo.htm
2006.03.10 22:58 B C:\mon site\Mes sites Web\monsiteweb\_vti_pvt\_vti_cnf\_x_todoh.htm --> users.skynet.be /_vti_pvt/_vti_cnf _x_todoh.htm
2006.03.10 22:58 B C:\mon site\Mes sites Web\monsiteweb\_vti_pvt\_vti_cnf\WS_FTP.LOG --> users.skynet.be /_vti_pvt/_vti_cnf WS_FTP.LOG
2008.01.27 13:17 B C:\Documents and Settings\diane\Mes documents\Mes sites Web\mon site\Mes sites Web\monsiteweb\_vti_pvt\_vti_cnf\_x_todo.htm --> users.skynet.be /_vti_pvt/_vti_cnf _x_todo.htm
2008.01.27 13:17 B C:\Documents and Settings\diane\Mes documents\Mes sites Web\mon site\Mes sites Web\monsiteweb\_vti_pvt\_vti_cnf\_x_todoh.htm --> users.skynet.be /_vti_pvt/_vti_cnf _x_todoh.htm
2008.01.27 13:17 B C:\Documents and Settings\diane\Mes documents\Mes sites Web\mon site\Mes sites Web\monsiteweb\_vti_pvt\_vti_cnf\WS_FTP.LOG --> users.skynet.be /_vti_pvt/_vti_cnf WS_FTP.LOG
2008.08.21 09:52 B C:\Documents and Settings\diane\Mes documents\Mes sites Web\mon site\Mes sites Web\monsiteweb\_vti_pvt\_vti_cnf\_x_todo.htm --> users.skynet.be /_vti_pvt/_vti_cnf _x_todo.htm
2008.08.21 09:52 B C:\Documents and Settings\diane\Mes documents\Mes sites Web\mon site\Mes sites Web\monsiteweb\_vti_pvt\_vti_cnf\_x_todoh.htm --> users.skynet.be /_vti_pvt/_vti_cnf _x_todoh.htm
2008.08.21 09:52 B C:\Documents and Settings\diane\Mes documents\Mes sites Web\mon site\Mes sites Web\monsiteweb\_vti_pvt\_vti_cnf\WS_FTP.LOG --> users.skynet.be /_vti_pvt/_vti_cnf WS_FTP.LOG
2008.09.29 21:17 B C:\Documents and Settings\diane\Mes documents\Mes sites Web\mon site\Mes sites Web\monsiteweb\_vti_pvt\_vti_cnf\_x_todo.htm --> users.skynet.be /_vti_pvt/_vti_cnf _x_todo.htm
2008.09.29 21:17 B C:\Documents and Settings\diane\Mes documents\Mes sites Web\mon site\Mes sites Web\monsiteweb\_vti_pvt\_vti_cnf\_x_todoh.htm --> users.skynet.be /_vti_pvt/_vti_cnf _x_todoh.htm
2008.11.16 16:55 B C:\Documents and Settings\diane\Mes documents\Mes sites Web\mon site\Mes sites Web\monsiteweb\_vti_pvt\_vti_cnf\WS_FTP.LOG <-- doverbeek /_vti_pvt/_vti_cnf WS_FTP.LOG
2009.01.03 12:39 B C:\Documents and Settings\diane\Mes documents\Mes sites Web\mon site\Mes sites Web\monsiteweb\_vti_pvt\_vti_cnf\_x_todo.htm --> users.skynet.be /_vti_pvt/_vti_cnf _x_todo.htm
2009.01.03 12:39 B C:\Documents and Settings\diane\Mes documents\Mes sites Web\mon site\Mes sites Web\monsiteweb\_vti_pvt\_vti_cnf\_x_todoh.htm --> users.skynet.be /_vti_pvt/_vti_cnf _x_todoh.htm
2009.01.03 12:39 B C:\Documents and Settings\diane\Mes documents\Mes sites Web\mon site\Mes sites Web\monsiteweb\_vti_pvt\_vti_cnf\WS_FTP.LOG --> users.skynet.be /_vti_pvt/_vti_cnf WS_FTP.LOG
2009.01.21 11:22 B C:\Documents and Settings\diane\Mes documents\Mes sites Web\mon site\Mes sites Web\monsiteweb\_vti_pvt\_vti_cnf\_x_todo.htm --> users.skynet.be /_vti_pvt/_vti_cnf _x_todo.htm
2009.01.21 11:22 B C:\Documents and Settings\diane\Mes documents\Mes sites Web\mon site\Mes sites Web\monsiteweb\_vti_pvt\_vti_cnf\_x_todoh.htm --> users.skynet.be /_vti_pvt/_vti_cnf _x_todoh.htm
2009.01.21 11:22 B C:\Documents and Settings\diane\Mes documents\Mes sites Web\mon site\Mes sites Web\monsiteweb\_vti_pvt\_vti_cnf\WS_FTP.LOG --> users.skynet.be /_vti_pvt/_vti_cnf WS_FTP.LOG
2009.01.25 11:04 B C:\Documents and Settings\diane\Mes documents\Mes sites Web\mon site\Mes sites Web\monsiteweb\_vti_pvt\_vti_cnf\_x_todo.htm --> users.skynet.be /_vti_pvt/_vti_cnf _x_todo.htm
2009.01.25 11:04 B C:\Documents and Settings\diane\Mes documents\Mes sites Web\mon site\Mes sites Web\monsiteweb\_vti_pvt\_vti_cnf\_x_todoh.htm --> users.skynet.be /_vti_pvt/_vti_cnf _x_todoh.htm
2009.01.25 11:04 B C:\Documents and Settings\diane\Mes documents\Mes sites Web\mon site\Mes sites Web\monsiteweb\_vti_pvt\_vti_cnf\WS_FTP.LOG --> users.skynet.be /_vti_pvt/_vti_cnf WS_FTP.LOG
2009.01.31 07:20 B C:\Documents and Settings\diane\Mes documents\Mes sites Web\mon site\Mes sites Web\monsiteweb\_vti_pvt\_vti_cnf\_x_todo.htm --> users.skynet.be /_vti_pvt/_vti_cnf _x_todo.htm
2009.01.31 07:20 B C:\Documents and Settings\diane\Mes documents\Mes sites Web\mon site\Mes sites Web\monsiteweb\_vti_pvt\_vti_cnf\_x_todoh.htm --> users.skynet.be /_vti_pvt/_vti_cnf _x_todoh.htm
2009.01.31 07:20 B C:\Documents and Settings\diane\Mes documents\Mes sites Web\mon site\Mes sites Web\monsiteweb\_vti_pvt\_vti_cnf\WS_FTP.LOG --> users.skynet.be /_vti_pvt/_vti_cnf WS_FTP.LOG
2009.02.05 10:56 B C:\Documents and Settings\diane\Mes documents\Mes sites Web\mon site\Mes sites Web\monsiteweb\_vti_pvt\_vti_cnf\_x_todo.htm --> users.skynet.be /_vti_pvt/_vti_cnf _x_todo.htm
2009.02.05 10:56 B C:\Documents and Settings\diane\Mes documents\Mes sites Web\mon site\Mes sites Web\monsiteweb\_vti_pvt\_vti_cnf\_x_todoh.htm --> users.skynet.be /_vti_pvt/_vti_cnf _x_todoh.htm
2009.02.05 10:56 B C:\Documents and Settings\diane\Mes documents\Mes sites Web\mon site\Mes sites Web\monsiteweb\_vti_pvt\_vti_cnf\WS_FTP.LOG --> users.skynet.be /_vti_pvt/_vti_cnf WS_FTP.LOG
2009.02.21 15:35 B C:\Documents and Settings\diane\Mes documents\Mes sites Web\mon site\Mes sites Web\monsiteweb\_vti_pvt\_vti_cnf\_x_todo.htm --> users.skynet.be /_vti_pvt/_vti_cnf _x_todo.htm
2009.02.21 15:35 B C:\Documents and Settings\diane\Mes documents\Mes sites Web\mon site\Mes sites Web\monsiteweb\_vti_pvt\_vti_cnf\_x_todoh.htm --> users.skynet.be /_vti_pvt/_vti_cnf _x_todoh.htm
2009.02.21 15:35 B C:\Documents and Settings\diane\Mes documents\Mes sites Web\mon site\Mes sites Web\monsiteweb\_vti_pvt\_vti_cnf\WS_FTP.LOG --> users.skynet.be /_vti_pvt/_vti_cnf WS_FTP.LOG
2009.02.24 10:32 B C:\Documents and Settings\diane\Mes documents\Mes sites Web\mon site\Mes sites Web\monsiteweb\_vti_pvt\_vti_cnf\_x_todo.htm --> users.skynet.be /_vti_pvt/_vti_cnf _x_todo.htm
2009.02.24 10:32 B C:\Documents and Settings\diane\Mes documents\Mes sites Web\mon site\Mes sites Web\monsiteweb\_vti_pvt\_vti_cnf\_x_todoh.htm --> users.skynet.be /_vti_pvt/_vti_cnf _x_todoh.htm
