2003.06.14 22:14 B C:\mon site\Mes sites Web\monsiteweb\_vti_pvt\botinfs.cnf --> users.belgacom.net /_vti_cnf/_vti_pvt botinfs.cnf
2003.06.14 22:14 B C:\mon site\Mes sites Web\monsiteweb\_vti_pvt\bots.cnf --> users.belgacom.net /_vti_cnf/_vti_pvt bots.cnf
2003.06.14 22:14 B C:\mon site\Mes sites Web\monsiteweb\_vti_pvt\deptodoc.btr --> users.belgacom.net /_vti_cnf/_vti_pvt deptodoc.btr
2003.06.14 22:14 B C:\mon site\Mes sites Web\monsiteweb\_vti_pvt\doctodep.btr --> users.belgacom.net /_vti_cnf/_vti_pvt doctodep.btr
2003.06.14 22:14 B C:\mon site\Mes sites Web\monsiteweb\_vti_pvt\fpdbw.ico --> users.belgacom.net /_vti_cnf/_vti_pvt fpdbw.ico
2003.06.14 22:14 B C:\mon site\Mes sites Web\monsiteweb\_vti_pvt\linkinfo.btr --> users.belgacom.net /_vti_cnf/_vti_pvt linkinfo.btr
2003.06.14 22:14 B C:\mon site\Mes sites Web\monsiteweb\_vti_pvt\service.cnf --> users.belgacom.net /_vti_cnf/_vti_pvt service.cnf
2003.06.14 22:14 B C:\mon site\Mes sites Web\monsiteweb\_vti_pvt\service.lck --> users.belgacom.net /_vti_cnf/_vti_pvt service.lck
2003.06.14 22:14 B C:\mon site\Mes sites Web\monsiteweb\_vti_pvt\services.cnf --> users.belgacom.net /_vti_cnf/_vti_pvt services.cnf
2003.06.14 22:14 B C:\mon site\Mes sites Web\monsiteweb\_vti_pvt\structure.cnf --> users.belgacom.net /_vti_cnf/_vti_pvt structure.cnf
2003.06.14 22:14 B C:\mon site\Mes sites Web\monsiteweb\_vti_pvt\writeto.cnf --> users.belgacom.net /_vti_cnf/_vti_pvt writeto.cnf
2003.06.14 22:19 B C:\mon site\Mes sites Web\monsiteweb\_vti_pvt\botinfs.cnf --> users.belgacom.net /_vti_pvt botinfs.cnf
2003.06.14 22:19 B C:\mon site\Mes sites Web\monsiteweb\_vti_pvt\bots.cnf --> users.belgacom.net /_vti_pvt bots.cnf
2003.06.14 22:19 B C:\mon site\Mes sites Web\monsiteweb\_vti_pvt\deptodoc.btr --> users.belgacom.net /_vti_pvt deptodoc.btr
2003.06.14 22:19 B C:\mon site\Mes sites Web\monsiteweb\_vti_pvt\doctodep.btr --> users.belgacom.net /_vti_pvt doctodep.btr
2003.06.14 22:19 B C:\mon site\Mes sites Web\monsiteweb\_vti_pvt\fpdbw.ico --> users.belgacom.net /_vti_pvt fpdbw.ico
2003.06.14 22:19 B C:\mon site\Mes sites Web\monsiteweb\_vti_pvt\linkinfo.btr --> users.belgacom.net /_vti_pvt linkinfo.btr
2003.06.14 22:19 B C:\mon site\Mes sites Web\monsiteweb\_vti_pvt\service.cnf --> users.belgacom.net /_vti_pvt service.cnf
2003.06.14 22:19 B C:\mon site\Mes sites Web\monsiteweb\_vti_pvt\service.lck --> users.belgacom.net /_vti_pvt service.lck
2003.06.14 22:19 B C:\mon site\Mes sites Web\monsiteweb\_vti_pvt\services.cnf --> users.belgacom.net /_vti_pvt services.cnf
2003.06.14 22:19 B C:\mon site\Mes sites Web\monsiteweb\_vti_pvt\structure.cnf --> users.belgacom.net /_vti_pvt structure.cnf
2003.06.14 22:19 B C:\mon site\Mes sites Web\monsiteweb\_vti_pvt\writeto.cnf --> users.belgacom.net /_vti_pvt writeto.cnf
2003.06.14 22:19 B C:\mon site\Mes sites Web\monsiteweb\_vti_pvt\WS_FTP.LOG --> users.belgacom.net /_vti_pvt WS_FTP.LOG
2003.06.14 23:51 B C:\mon site\Mes sites Web\monsiteweb\_vti_pvt\deptodoc.btr --> users.belgacom.net /monsiteweb/_vti_pvt deptodoc.btr
2003.06.14 23:51 B C:\mon site\Mes sites Web\monsiteweb\_vti_pvt\doctodep.btr --> users.belgacom.net /monsiteweb/_vti_pvt doctodep.btr
2003.06.14 23:51 B C:\mon site\Mes sites Web\monsiteweb\_vti_pvt\linkinfo.btr --> users.belgacom.net /monsiteweb/_vti_pvt linkinfo.btr
2003.06.14 23:51 B C:\mon site\Mes sites Web\monsiteweb\_vti_pvt\service.lck --> users.belgacom.net /monsiteweb/_vti_pvt service.lck
2003.06.14 23:51 B C:\mon site\Mes sites Web\monsiteweb\_vti_pvt\WS_FTP.LOG --> users.belgacom.net /monsiteweb/_vti_pvt WS_FTP.LOG
2003.06.15 21:08 B C:\mon site\Mes sites Web\monsiteweb\_vti_pvt\deptodoc.btr --> users.belgacom.net /_vti_pvt deptodoc.btr
2003.06.15 21:08 B C:\mon site\Mes sites Web\monsiteweb\_vti_pvt\doctodep.btr --> users.belgacom.net /_vti_pvt doctodep.btr
2003.06.15 21:08 B C:\mon site\Mes sites Web\monsiteweb\_vti_pvt\linkinfo.btr --> users.belgacom.net /_vti_pvt linkinfo.btr
2003.06.15 21:08 B C:\mon site\Mes sites Web\monsiteweb\_vti_pvt\service.lck --> users.belgacom.net /_vti_pvt service.lck
2003.06.15 21:08 B C:\mon site\Mes sites Web\monsiteweb\_vti_pvt\WS_FTP.LOG --> users.belgacom.net /_vti_pvt WS_FTP.LOG
2003.06.16 20:03 B C:\mon site\Mes sites Web\monsiteweb\_vti_pvt\deptodoc.btr --> users.belgacom.net /_vti_pvt deptodoc.btr
2003.06.16 20:03 B C:\mon site\Mes sites Web\monsiteweb\_vti_pvt\doctodep.btr --> users.belgacom.net /_vti_pvt doctodep.btr
2003.06.16 20:03 B C:\mon site\Mes sites Web\monsiteweb\_vti_pvt\linkinfo.btr --> users.belgacom.net /_vti_pvt linkinfo.btr
2003.06.16 20:03 B C:\mon site\Mes sites Web\monsiteweb\_vti_pvt\service.lck --> users.belgacom.net /_vti_pvt service.lck
2003.06.16 20:03 B C:\mon site\Mes sites Web\monsiteweb\_vti_pvt\WS_FTP.LOG --> users.belgacom.net /_vti_pvt WS_FTP.LOG
2003.06.19 21:52 B C:\mon site\Mes sites Web\monsiteweb\_vti_pvt\deptodoc.btr --> users.belgacom.net /_vti_pvt deptodoc.btr
2003.06.19 21:52 B C:\mon site\Mes sites Web\monsiteweb\_vti_pvt\doctodep.btr --> users.belgacom.net /_vti_pvt doctodep.btr
2003.06.19 21:52 B C:\mon site\Mes sites Web\monsiteweb\_vti_pvt\linkinfo.btr --> users.belgacom.net /_vti_pvt linkinfo.btr
2003.06.19 21:52 B C:\mon site\Mes sites Web\monsiteweb\_vti_pvt\service.lck --> users.belgacom.net /_vti_pvt service.lck
2003.06.19 21:52 B C:\mon site\Mes sites Web\monsiteweb\_vti_pvt\WS_FTP.LOG --> users.belgacom.net /_vti_pvt WS_FTP.LOG
2003.06.22 17:49 B C:\mon site\Mes sites Web\monsiteweb\_vti_pvt\deptodoc.btr --> users.belgacom.net /_vti_pvt deptodoc.btr
2003.06.22 17:49 B C:\mon site\Mes sites Web\monsiteweb\_vti_pvt\doctodep.btr --> users.belgacom.net /_vti_pvt doctodep.btr
2003.06.22 17:49 B C:\mon site\Mes sites Web\monsiteweb\_vti_pvt\linkinfo.btr --> users.belgacom.net /_vti_pvt linkinfo.btr
2003.06.22 17:49 B C:\mon site\Mes sites Web\monsiteweb\_vti_pvt\service.lck --> users.belgacom.net /_vti_pvt service.lck
2003.06.22 17:49 B C:\mon site\Mes sites Web\monsiteweb\_vti_pvt\WS_FTP.LOG --> users.belgacom.net /_vti_pvt WS_FTP.LOG
2003.06.23 22:51 B C:\mon site\Mes sites Web\monsiteweb\_vti_pvt\deptodoc.btr --> users.belgacom.net /_vti_pvt deptodoc.btr
2003.06.23 22:51 B C:\mon site\Mes sites Web\monsiteweb\_vti_pvt\doctodep.btr --> users.belgacom.net /_vti_pvt doctodep.btr
2003.06.23 22:52 B C:\mon site\Mes sites Web\monsiteweb\_vti_pvt\linkinfo.btr --> users.belgacom.net /_vti_pvt linkinfo.btr
2003.06.23 22:52 B C:\mon site\Mes sites Web\monsiteweb\_vti_pvt\service.lck --> users.belgacom.net /_vti_pvt service.lck
2003.06.23 22:52 B C:\mon site\Mes sites Web\monsiteweb\_vti_pvt\WS_FTP.LOG --> users.belgacom.net /_vti_pvt WS_FTP.LOG
2003.06.23 23:06 B C:\mon site\Mes sites Web\monsiteweb\_vti_pvt\deptodoc.btr --> users.belgacom.net /_vti_pvt deptodoc.btr
2003.06.23 23:06 B C:\mon site\Mes sites Web\monsiteweb\_vti_pvt\doctodep.btr --> users.belgacom.net /_vti_pvt doctodep.btr
2003.06.23 23:06 B C:\mon site\Mes sites Web\monsiteweb\_vti_pvt\linkinfo.btr --> users.belgacom.net /_vti_pvt linkinfo.btr
2003.06.23 23:06 B C:\mon site\Mes sites Web\monsiteweb\_vti_pvt\service.lck --> users.belgacom.net /_vti_pvt service.lck
2003.06.23 23:06 B C:\mon site\Mes sites Web\monsiteweb\_vti_pvt\WS_FTP.LOG --> users.belgacom.net /_vti_pvt WS_FTP.LOG
2003.11.25 21:49 B C:\mon site\Mes sites Web\monsiteweb\_vti_pvt\_x_todo.htm --> users.belgacom.net /_vti_pvt _x_todo.htm
2003.11.25 21:49 B C:\mon site\Mes sites Web\monsiteweb\_vti_pvt\_x_todoh.htm --> users.belgacom.net /_vti_pvt _x_todoh.htm
2003.11.25 21:49 B C:\mon site\Mes sites Web\monsiteweb\_vti_pvt\deptodoc.btr --> users.belgacom.net /_vti_pvt deptodoc.btr
2003.11.25 21:49 B C:\mon site\Mes sites Web\monsiteweb\_vti_pvt\doctodep.btr --> users.belgacom.net /_vti_pvt doctodep.btr
2003.11.25 21:49 B C:\mon site\Mes sites Web\monsiteweb\_vti_pvt\linkinfo.btr --> users.belgacom.net /_vti_pvt linkinfo.btr
2003.11.25 21:49 B C:\mon site\Mes sites Web\monsiteweb\_vti_pvt\service.lck --> users.belgacom.net /_vti_pvt service.lck
2003.11.25 21:49 B C:\mon site\Mes sites Web\monsiteweb\_vti_pvt\WS_FTP.LOG --> users.belgacom.net /_vti_pvt WS_FTP.LOG
2006.03.10 22:58 B C:\mon site\Mes sites Web\monsiteweb\_vti_pvt\_x_todo.htm --> users.skynet.be /_vti_pvt _x_todo.htm
2006.03.10 22:58 B C:\mon site\Mes sites Web\monsiteweb\_vti_pvt\_x_todoh.htm --> users.skynet.be /_vti_pvt _x_todoh.htm
2006.03.10 22:58 B C:\mon site\Mes sites Web\monsiteweb\_vti_pvt\botinfs.cnf --> users.skynet.be /_vti_pvt botinfs.cnf
2006.03.10 22:58 B C:\mon site\Mes sites Web\monsiteweb\_vti_pvt\bots.cnf --> users.skynet.be /_vti_pvt bots.cnf
2006.03.10 22:58 B C:\mon site\Mes sites Web\monsiteweb\_vti_pvt\deptodoc.btr --> users.skynet.be /_vti_pvt deptodoc.btr
2006.03.10 22:58 B C:\mon site\Mes sites Web\monsiteweb\_vti_pvt\doctodep.btr --> users.skynet.be /_vti_pvt doctodep.btr
2006.03.10 22:58 B C:\mon site\Mes sites Web\monsiteweb\_vti_pvt\fpdbw.ico --> users.skynet.be /_vti_pvt fpdbw.ico
2006.03.10 22:58 B C:\mon site\Mes sites Web\monsiteweb\_vti_pvt\linkinfo.btr --> users.skynet.be /_vti_pvt linkinfo.btr
2006.03.10 22:58 B C:\mon site\Mes sites Web\monsiteweb\_vti_pvt\service.cnf --> users.skynet.be /_vti_pvt service.cnf
2006.03.10 22:58 B C:\mon site\Mes sites Web\monsiteweb\_vti_pvt\service.lck --> users.skynet.be /_vti_pvt service.lck
2006.03.10 22:58 B C:\mon site\Mes sites Web\monsiteweb\_vti_pvt\services.cnf --> users.skynet.be /_vti_pvt services.cnf
2006.03.10 22:58 B C:\mon site\Mes sites Web\monsiteweb\_vti_pvt\structure.cnf --> users.skynet.be /_vti_pvt structure.cnf
2006.03.10 22:58 B C:\mon site\Mes sites Web\monsiteweb\_vti_pvt\writeto.cnf --> users.skynet.be /_vti_pvt writeto.cnf
2006.03.10 22:58 B C:\mon site\Mes sites Web\monsiteweb\_vti_pvt\WS_FTP.LOG --> users.skynet.be /_vti_pvt WS_FTP.LOG
2008.01.27 13:17 B C:\Documents and Settings\diane\Mes documents\Mes sites Web\mon site\Mes sites Web\monsiteweb\_vti_pvt\_x_todo.htm --> users.skynet.be /_vti_pvt _x_todo.htm
2008.01.27 13:17 B C:\Documents and Settings\diane\Mes documents\Mes sites Web\mon site\Mes sites Web\monsiteweb\_vti_pvt\_x_todoh.htm --> users.skynet.be /_vti_pvt _x_todoh.htm
2008.01.27 13:17 B C:\Documents and Settings\diane\Mes documents\Mes sites Web\mon site\Mes sites Web\monsiteweb\_vti_pvt\botinfs.cnf --> users.skynet.be /_vti_pvt botinfs.cnf
2008.01.27 13:17 B C:\Documents and Settings\diane\Mes documents\Mes sites Web\mon site\Mes sites Web\monsiteweb\_vti_pvt\bots.cnf --> users.skynet.be /_vti_pvt bots.cnf
2008.01.27 13:17 B C:\Documents and Settings\diane\Mes documents\Mes sites Web\mon site\Mes sites Web\monsiteweb\_vti_pvt\deptodoc.btr --> users.skynet.be /_vti_pvt deptodoc.btr
2008.01.27 13:17 B C:\Documents and Settings\diane\Mes documents\Mes sites Web\mon site\Mes sites Web\monsiteweb\_vti_pvt\doctodep.btr --> users.skynet.be /_vti_pvt doctodep.btr
2008.01.27 13:17 B C:\Documents and Settings\diane\Mes documents\Mes sites Web\mon site\Mes sites Web\monsiteweb\_vti_pvt\fpdbw.ico --> users.skynet.be /_vti_pvt fpdbw.ico
2008.01.27 13:17 B C:\Documents and Settings\diane\Mes documents\Mes sites Web\mon site\Mes sites Web\monsiteweb\_vti_pvt\linkinfo.btr --> users.skynet.be /_vti_pvt linkinfo.btr
2008.01.27 13:17 B C:\Documents and Settings\diane\Mes documents\Mes sites Web\mon site\Mes sites Web\monsiteweb\_vti_pvt\service.cnf --> users.skynet.be /_vti_pvt service.cnf
2008.01.27 13:17 B C:\Documents and Settings\diane\Mes documents\Mes sites Web\mon site\Mes sites Web\monsiteweb\_vti_pvt\service.lck --> users.skynet.be /_vti_pvt service.lck
2008.01.27 13:17 B C:\Documents and Settings\diane\Mes documents\Mes sites Web\mon site\Mes sites Web\monsiteweb\_vti_pvt\services.cnf --> users.skynet.be /_vti_pvt services.cnf
2008.01.27 13:17 B C:\Documents and Settings\diane\Mes documents\Mes sites Web\mon site\Mes sites Web\monsiteweb\_vti_pvt\structure.cnf --> users.skynet.be /_vti_pvt structure.cnf
2008.01.27 13:17 B C:\Documents and Settings\diane\Mes documents\Mes sites Web\mon site\Mes sites Web\monsiteweb\_vti_pvt\writeto.cnf --> users.skynet.be /_vti_pvt writeto.cnf
2008.01.27 13:17 B C:\Documents and Settings\diane\Mes documents\Mes sites Web\mon site\Mes sites Web\monsiteweb\_vti_pvt\WS_FTP.LOG --> users.skynet.be /_vti_pvt WS_FTP.LOG
2008.08.21 09:52 B C:\Documents and Settings\diane\Mes documents\Mes sites Web\mon site\Mes sites Web\monsiteweb\_vti_pvt\_x_todo.htm --> users.skynet.be /_vti_pvt _x_todo.htm
2008.08.21 09:52 B C:\Documents and Settings\diane\Mes documents\Mes sites Web\mon site\Mes sites Web\monsiteweb\_vti_pvt\_x_todoh.htm --> users.skynet.be /_vti_pvt _x_todoh.htm
2008.08.21 09:52 B C:\Documents and Settings\diane\Mes documents\Mes sites Web\mon site\Mes sites Web\monsiteweb\_vti_pvt\botinfs.cnf --> users.skynet.be /_vti_pvt botinfs.cnf
2008.08.21 09:52 B C:\Documents and Settings\diane\Mes documents\Mes sites Web\mon site\Mes sites Web\monsiteweb\_vti_pvt\bots.cnf --> users.skynet.be /_vti_pvt bots.cnf
2008.08.21 09:52 B C:\Documents and Settings\diane\Mes documents\Mes sites Web\mon site\Mes sites Web\monsiteweb\_vti_pvt\deptodoc.btr --> users.skynet.be /_vti_pvt deptodoc.btr
2008.08.21 09:53 B C:\Documents and Settings\diane\Mes documents\Mes sites Web\mon site\Mes sites Web\monsiteweb\_vti_pvt\doctodep.btr --> users.skynet.be /_vti_pvt doctodep.btr
2008.08.21 09:53 B C:\Documents and Settings\diane\Mes documents\Mes sites Web\mon site\Mes sites Web\monsiteweb\_vti_pvt\fpdbw.ico --> users.skynet.be /_vti_pvt fpdbw.ico
2008.08.21 09:53 B C:\Documents and Settings\diane\Mes documents\Mes sites Web\mon site\Mes sites Web\monsiteweb\_vti_pvt\linkinfo.btr --> users.skynet.be /_vti_pvt linkinfo.btr
2008.08.21 09:53 B C:\Documents and Settings\diane\Mes documents\Mes sites Web\mon site\Mes sites Web\monsiteweb\_vti_pvt\service.cnf --> users.skynet.be /_vti_pvt service.cnf
2008.08.21 09:53 B C:\Documents and Settings\diane\Mes documents\Mes sites Web\mon site\Mes sites Web\monsiteweb\_vti_pvt\service.lck --> users.skynet.be /_vti_pvt service.lck
2008.08.21 09:53 B C:\Documents and Settings\diane\Mes documents\Mes sites Web\mon site\Mes sites Web\monsiteweb\_vti_pvt\services.cnf --> users.skynet.be /_vti_pvt services.cnf
2008.08.21 09:53 B C:\Documents and Settings\diane\Mes documents\Mes sites Web\mon site\Mes sites Web\monsiteweb\_vti_pvt\structure.cnf --> users.skynet.be /_vti_pvt structure.cnf
2008.08.21 09:53 B C:\Documents and Settings\diane\Mes documents\Mes sites Web\mon site\Mes sites Web\monsiteweb\_vti_pvt\writeto.cnf --> users.skynet.be /_vti_pvt writeto.cnf
2008.08.21 09:53 B C:\Documents and Settings\diane\Mes documents\Mes sites Web\mon site\Mes sites Web\monsiteweb\_vti_pvt\WS_FTP.LOG --> users.skynet.be /_vti_pvt WS_FTP.LOG
2008.09.29 21:17 B C:\Documents and Settings\diane\Mes documents\Mes sites Web\mon site\Mes sites Web\monsiteweb\_vti_pvt\_x_todo.htm --> users.skynet.be /_vti_pvt _x_todo.htm
2008.09.29 21:17 B C:\Documents and Settings\diane\Mes documents\Mes sites Web\mon site\Mes sites Web\monsiteweb\_vti_pvt\_x_todoh.htm --> users.skynet.be /_vti_pvt _x_todoh.htm
2008.09.29 21:17 B C:\Documents and Settings\diane\Mes documents\Mes sites Web\mon site\Mes sites Web\monsiteweb\_vti_pvt\botinfs.cnf --> users.skynet.be /_vti_pvt botinfs.cnf
2008.09.29 21:17 B C:\Documents and Settings\diane\Mes documents\Mes sites Web\mon site\Mes sites Web\monsiteweb\_vti_pvt\bots.cnf --> users.skynet.be /_vti_pvt bots.cnf
2008.09.29 21:17 B C:\Documents and Settings\diane\Mes documents\Mes sites Web\mon site\Mes sites Web\monsiteweb\_vti_pvt\deptodoc.btr --> users.skynet.be /_vti_pvt deptodoc.btr
2008.09.29 21:17 B C:\Documents and Settings\diane\Mes documents\Mes sites Web\mon site\Mes sites Web\monsiteweb\_vti_pvt\doctodep.btr --> users.skynet.be /_vti_pvt doctodep.btr
2008.09.29 21:17 B C:\Documents and Settings\diane\Mes documents\Mes sites Web\mon site\Mes sites Web\monsiteweb\_vti_pvt\fpdbw.ico --> users.skynet.be /_vti_pvt fpdbw.ico
2008.09.29 21:17 B C:\Documents and Settings\diane\Mes documents\Mes sites Web\mon site\Mes sites Web\monsiteweb\_vti_pvt\linkinfo.btr --> users.skynet.be /_vti_pvt linkinfo.btr
2008.09.29 21:17 B C:\Documents and Settings\diane\Mes documents\Mes sites Web\mon site\Mes sites Web\monsiteweb\_vti_pvt\service.cnf --> users.skynet.be /_vti_pvt service.cnf
2008.09.29 21:17 B C:\Documents and Settings\diane\Mes documents\Mes sites Web\mon site\Mes sites Web\monsiteweb\_vti_pvt\service.lck --> users.skynet.be /_vti_pvt service.lck
2008.09.29 21:17 B C:\Documents and Settings\diane\Mes documents\Mes sites Web\mon site\Mes sites Web\monsiteweb\_vti_pvt\services.cnf --> users.skynet.be /_vti_pvt services.cnf
2008.09.29 21:17 B C:\Documents and Settings\diane\Mes documents\Mes sites Web\mon site\Mes sites Web\monsiteweb\_vti_pvt\structure.cnf --> users.skynet.be /_vti_pvt structure.cnf
2008.09.29 21:17 B C:\Documents and Settings\diane\Mes documents\Mes sites Web\mon site\Mes sites Web\monsiteweb\_vti_pvt\writeto.cnf --> users.skynet.be /_vti_pvt writeto.cnf
2008.09.29 21:17 B C:\Documents and Settings\diane\Mes documents\Mes sites Web\mon site\Mes sites Web\monsiteweb\_vti_pvt\WS_FTP.LOG --> users.skynet.be /_vti_pvt WS_FTP.LOG
2008.11.15 09:01 B C:\Documents and Settings\diane\Mes documents\Mes sites Web\mon site\Mes sites Web\monsiteweb\_private\_vti_pvt\_x_todo.htm --> users.skynet.be /_private/_vti_pvt _x_todo.htm
2008.11.15 09:01 B C:\Documents and Settings\diane\Mes documents\Mes sites Web\mon site\Mes sites Web\monsiteweb\_private\_vti_pvt\_x_todoh.htm --> users.skynet.be /_private/_vti_pvt _x_todoh.htm
2008.11.15 09:01 B C:\Documents and Settings\diane\Mes documents\Mes sites Web\mon site\Mes sites Web\monsiteweb\_private\_vti_pvt\botinfs.cnf --> users.skynet.be /_private/_vti_pvt botinfs.cnf
2008.11.15 09:01 B C:\Documents and Settings\diane\Mes documents\Mes sites Web\mon site\Mes sites Web\monsiteweb\_private\_vti_pvt\bots.cnf --> users.skynet.be /_private/_vti_pvt bots.cnf
2008.11.15 09:01 B C:\Documents and Settings\diane\Mes documents\Mes sites Web\mon site\Mes sites Web\monsiteweb\_private\_vti_pvt\deptodoc.btr --> users.skynet.be /_private/_vti_pvt deptodoc.btr
2008.11.15 09:01 B C:\Documents and Settings\diane\Mes documents\Mes sites Web\mon site\Mes sites Web\monsiteweb\_private\_vti_pvt\doctodep.btr --> users.skynet.be /_private/_vti_pvt doctodep.btr
2008.11.15 09:01 B C:\Documents and Settings\diane\Mes documents\Mes sites Web\mon site\Mes sites Web\monsiteweb\_private\_vti_pvt\fpdbw.ico --> users.skynet.be /_private/_vti_pvt fpdbw.ico
2008.11.15 09:01 B C:\Documents and Settings\diane\Mes documents\Mes sites Web\mon site\Mes sites Web\monsiteweb\_private\_vti_pvt\linkinfo.btr --> users.skynet.be /_private/_vti_pvt linkinfo.btr
2008.11.15 09:01 B C:\Documents and Settings\diane\Mes documents\Mes sites Web\mon site\Mes sites Web\monsiteweb\_private\_vti_pvt\service.cnf --> users.skynet.be /_private/_vti_pvt service.cnf
2008.11.15 09:01 B C:\Documents and Settings\diane\Mes documents\Mes sites Web\mon site\Mes sites Web\monsiteweb\_private\_vti_pvt\service.lck --> users.skynet.be /_private/_vti_pvt service.lck
2008.11.15 09:01 B C:\Documents and Settings\diane\Mes documents\Mes sites Web\mon site\Mes sites Web\monsiteweb\_private\_vti_pvt\services.cnf --> users.skynet.be /_private/_vti_pvt services.cnf
2008.11.15 09:01 B C:\Documents and Settings\diane\Mes documents\Mes sites Web\mon site\Mes sites Web\monsiteweb\_private\_vti_pvt\structure.cnf --> users.skynet.be /_private/_vti_pvt structure.cnf
2008.11.15 09:01 B C:\Documents and Settings\diane\Mes documents\Mes sites Web\mon site\Mes sites Web\monsiteweb\_private\_vti_pvt\writeto.cnf --> users.skynet.be /_private/_vti_pvt writeto.cnf
2008.11.15 09:01 B C:\Documents and Settings\diane\Mes documents\Mes sites Web\mon site\Mes sites Web\monsiteweb\_private\_vti_pvt\WS_FTP.LOG --> users.skynet.be /_private/_vti_pvt WS_FTP.LOG
2009.01.03 12:34 B C:\Documents and Settings\diane\Mes documents\Mes sites Web\mon site\Mes sites Web\monsiteweb\_private\_vti_pvt\_x_todo.htm --> users.skynet.be /_private/_vti_pvt _x_todo.htm
2009.01.03 12:34 B C:\Documents and Settings\diane\Mes documents\Mes sites Web\mon site\Mes sites Web\monsiteweb\_private\_vti_pvt\_x_todoh.htm --> users.skynet.be /_private/_vti_pvt _x_todoh.htm
2009.01.03 12:34 B C:\Documents and Settings\diane\Mes documents\Mes sites Web\mon site\Mes sites Web\monsiteweb\_private\_vti_pvt\botinfs.cnf --> users.skynet.be /_private/_vti_pvt botinfs.cnf
2009.01.03 12:34 B C:\Documents and Settings\diane\Mes documents\Mes sites Web\mon site\Mes sites Web\monsiteweb\_private\_vti_pvt\bots.cnf --> users.skynet.be /_private/_vti_pvt bots.cnf
2009.01.03 12:34 B C:\Documents and Settings\diane\Mes documents\Mes sites Web\mon site\Mes sites Web\monsiteweb\_private\_vti_pvt\deptodoc.btr --> users.skynet.be /_private/_vti_pvt deptodoc.btr
2009.01.03 12:35 B C:\Documents and Settings\diane\Mes documents\Mes sites Web\mon site\Mes sites Web\monsiteweb\_private\_vti_pvt\doctodep.btr --> users.skynet.be /_private/_vti_pvt doctodep.btr
2009.01.03 12:35 B C:\Documents and Settings\diane\Mes documents\Mes sites Web\mon site\Mes sites Web\monsiteweb\_private\_vti_pvt\fpdbw.ico --> users.skynet.be /_private/_vti_pvt fpdbw.ico
2009.01.03 12:35 B C:\Documents and Settings\diane\Mes documents\Mes sites Web\mon site\Mes sites Web\monsiteweb\_private\_vti_pvt\linkinfo.btr --> users.skynet.be /_private/_vti_pvt linkinfo.btr
2009.01.03 12:35 B C:\Documents and Settings\diane\Mes documents\Mes sites Web\mon site\Mes sites Web\monsiteweb\_private\_vti_pvt\service.cnf --> users.skynet.be /_private/_vti_pvt service.cnf
2009.01.03 12:35 B C:\Documents and Settings\diane\Mes documents\Mes sites Web\mon site\Mes sites Web\monsiteweb\_private\_vti_pvt\service.lck --> users.skynet.be /_private/_vti_pvt service.lck
2009.01.03 12:35 B C:\Documents and Settings\diane\Mes documents\Mes sites Web\mon site\Mes sites Web\monsiteweb\_private\_vti_pvt\services.cnf --> users.skynet.be /_private/_vti_pvt services.cnf
2009.01.03 12:35 B C:\Documents and Settings\diane\Mes documents\Mes sites Web\mon site\Mes sites Web\monsiteweb\_private\_vti_pvt\structure.cnf --> users.skynet.be /_private/_vti_pvt structure.cnf
2009.01.03 12:35 B C:\Documents and Settings\diane\Mes documents\Mes sites Web\mon site\Mes sites Web\monsiteweb\_private\_vti_pvt\writeto.cnf --> users.skynet.be /_private/_vti_pvt writeto.cnf
2009.01.03 12:35 B C:\Documents and Settings\diane\Mes documents\Mes sites Web\mon site\Mes sites Web\monsiteweb\_private\_vti_pvt\WS_FTP.LOG --> users.skynet.be /_private/_vti_pvt WS_FTP.LOG
2009.01.21 11:18 B C:\Documents and Settings\diane\Mes documents\Mes sites Web\mon site\Mes sites Web\monsiteweb\_private\_vti_pvt\_x_todo.htm --> users.skynet.be /_private/_vti_pvt _x_todo.htm
2009.01.21 11:18 B C:\Documents and Settings\diane\Mes documents\Mes sites Web\mon site\Mes sites Web\monsiteweb\_private\_vti_pvt\_x_todoh.htm --> users.skynet.be /_private/_vti_pvt _x_todoh.htm
2009.01.21 11:18 B C:\Documents and Settings\diane\Mes documents\Mes sites Web\mon site\Mes sites Web\monsiteweb\_private\_vti_pvt\botinfs.cnf --> users.skynet.be /_private/_vti_pvt botinfs.cnf
2009.01.21 11:18 B C:\Documents and Settings\diane\Mes documents\Mes sites Web\mon site\Mes sites Web\monsiteweb\_private\_vti_pvt\bots.cnf --> users.skynet.be /_private/_vti_pvt bots.cnf
2009.01.21 11:18 B C:\Documents and Settings\diane\Mes documents\Mes sites Web\mon site\Mes sites Web\monsiteweb\_private\_vti_pvt\deptodoc.btr --> users.skynet.be /_private/_vti_pvt deptodoc.btr
2009.01.21 11:18 B C:\Documents and Settings\diane\Mes documents\Mes sites Web\mon site\Mes sites Web\monsiteweb\_private\_vti_pvt\doctodep.btr --> users.skynet.be /_private/_vti_pvt doctodep.btr
2009.01.21 11:18 B C:\Documents and Settings\diane\Mes documents\Mes sites Web\mon site\Mes sites Web\monsiteweb\_private\_vti_pvt\fpdbw.ico --> users.skynet.be /_private/_vti_pvt fpdbw.ico
2009.01.21 11:18 B C:\Documents and Settings\diane\Mes documents\Mes sites Web\mon site\Mes sites Web\monsiteweb\_private\_vti_pvt\linkinfo.btr --> users.skynet.be /_private/_vti_pvt linkinfo.btr
2009.01.21 11:18 B C:\Documents and Settings\diane\Mes documents\Mes sites Web\mon site\Mes sites Web\monsiteweb\_private\_vti_pvt\service.cnf --> users.skynet.be /_private/_vti_pvt service.cnf
2009.01.21 11:18 B C:\Documents and Settings\diane\Mes documents\Mes sites Web\mon site\Mes sites Web\monsiteweb\_private\_vti_pvt\service.lck --> users.skynet.be /_private/_vti_pvt service.lck
2009.01.21 11:18 B C:\Documents and Settings\diane\Mes documents\Mes sites Web\mon site\Mes sites Web\monsiteweb\_private\_vti_pvt\services.cnf --> users.skynet.be /_private/_vti_pvt services.cnf
2009.01.21 11:18 B C:\Documents and Settings\diane\Mes documents\Mes sites Web\mon site\Mes sites Web\monsiteweb\_private\_vti_pvt\structure.cnf --> users.skynet.be /_private/_vti_pvt structure.cnf
2009.01.21 11:18 B C:\Documents and Settings\diane\Mes documents\Mes sites Web\mon site\Mes sites Web\monsiteweb\_private\_vti_pvt\writeto.cnf --> users.skynet.be /_private/_vti_pvt writeto.cnf
2009.01.21 11:18 B C:\Documents and Settings\diane\Mes documents\Mes sites Web\mon site\Mes sites Web\monsiteweb\_private\_vti_pvt\WS_FTP.LOG --> users.skynet.be /_private/_vti_pvt WS_FTP.LOG
2009.01.25 11:00 B C:\Documents and Settings\diane\Mes documents\Mes sites Web\mon site\Mes sites Web\monsiteweb\_private\_vti_pvt\_x_todo.htm --> users.skynet.be /_private/_vti_pvt _x_todo.htm
2009.01.25 11:00 B C:\Documents and Settings\diane\Mes documents\Mes sites Web\mon site\Mes sites Web\monsiteweb\_private\_vti_pvt\_x_todoh.htm --> users.skynet.be /_private/_vti_pvt _x_todoh.htm
2009.01.25 11:00 B C:\Documents and Settings\diane\Mes documents\Mes sites Web\mon site\Mes sites Web\monsiteweb\_private\_vti_pvt\botinfs.cnf --> users.skynet.be /_private/_vti_pvt botinfs.cnf
2009.01.25 11:00 B C:\Documents and Settings\diane\Mes documents\Mes sites Web\mon site\Mes sites Web\monsiteweb\_private\_vti_pvt\bots.cnf --> users.skynet.be /_private/_vti_pvt bots.cnf
2009.01.25 11:00 B C:\Documents and Settings\diane\Mes documents\Mes sites Web\mon site\Mes sites Web\monsiteweb\_private\_vti_pvt\deptodoc.btr --> users.skynet.be /_private/_vti_pvt deptodoc.btr
2009.01.25 11:00 B C:\Documents and Settings\diane\Mes documents\Mes sites Web\mon site\Mes sites Web\monsiteweb\_private\_vti_pvt\doctodep.btr --> users.skynet.be /_private/_vti_pvt doctodep.btr
2009.01.25 11:00 B C:\Documents and Settings\diane\Mes documents\Mes sites Web\mon site\Mes sites Web\monsiteweb\_private\_vti_pvt\fpdbw.ico --> users.skynet.be /_private/_vti_pvt fpdbw.ico
2009.01.25 11:00 B C:\Documents and Settings\diane\Mes documents\Mes sites Web\mon site\Mes sites Web\monsiteweb\_private\_vti_pvt\linkinfo.btr --> users.skynet.be /_private/_vti_pvt linkinfo.btr
2009.01.25 11:00 B C:\Documents and Settings\diane\Mes documents\Mes sites Web\mon site\Mes sites Web\monsiteweb\_private\_vti_pvt\service.cnf --> users.skynet.be /_private/_vti_pvt service.cnf
2009.01.25 11:00 B C:\Documents and Settings\diane\Mes documents\Mes sites Web\mon site\Mes sites Web\monsiteweb\_private\_vti_pvt\service.lck --> users.skynet.be /_private/_vti_pvt service.lck
2009.01.25 11:00 B C:\Documents and Settings\diane\Mes documents\Mes sites Web\mon site\Mes sites Web\monsiteweb\_private\_vti_pvt\services.cnf --> users.skynet.be /_private/_vti_pvt services.cnf
2009.01.25 11:00 B C:\Documents and Settings\diane\Mes documents\Mes sites Web\mon site\Mes sites Web\monsiteweb\_private\_vti_pvt\structure.cnf --> users.skynet.be /_private/_vti_pvt structure.cnf
2009.01.25 11:00 B C:\Documents and Settings\diane\Mes documents\Mes sites Web\mon site\Mes sites Web\monsiteweb\_private\_vti_pvt\writeto.cnf --> users.skynet.be /_private/_vti_pvt writeto.cnf
2009.01.25 11:00 B C:\Documents and Settings\diane\Mes documents\Mes sites Web\mon site\Mes sites Web\monsiteweb\_private\_vti_pvt\WS_FTP.LOG --> users.skynet.be /_private/_vti_pvt WS_FTP.LOG
2009.01.31 07:16 B C:\Documents and Settings\diane\Mes documents\Mes sites Web\mon site\Mes sites Web\monsiteweb\_private\_vti_pvt\WS_FTP.LOG --> users.skynet.be /_private/_vti_pvt WS_FTP.LOG
2009.02.05 10:51 B C:\Documents and Settings\diane\Mes documents\Mes sites Web\mon site\Mes sites Web\monsiteweb\_private\_vti_pvt\WS_FTP.LOG --> users.skynet.be /_private/_vti_pvt WS_FTP.LOG
2009.02.21 15:31 B C:\Documents and Settings\diane\Mes documents\Mes sites Web\mon site\Mes sites Web\monsiteweb\_private\_vti_pvt\_x_todo.htm --> users.skynet.be /_private/_vti_pvt _x_todo.htm
2009.02.21 15:31 B C:\Documents and Settings\diane\Mes documents\Mes sites Web\mon site\Mes sites Web\monsiteweb\_private\_vti_pvt\_x_todoh.htm --> users.skynet.be /_private/_vti_pvt _x_todoh.htm
2009.02.21 15:31 B C:\Documents and Settings\diane\Mes documents\Mes sites Web\mon site\Mes sites Web\monsiteweb\_private\_vti_pvt\botinfs.cnf --> users.skynet.be /_private/_vti_pvt botinfs.cnf
2009.02.21 15:31 B C:\Documents and Settings\diane\Mes documents\Mes sites Web\mon site\Mes sites Web\monsiteweb\_private\_vti_pvt\bots.cnf --> users.skynet.be /_private/_vti_pvt bots.cnf
2009.02.21 15:31 B C:\Documents and Settings\diane\Mes documents\Mes sites Web\mon site\Mes sites Web\monsiteweb\_private\_vti_pvt\deptodoc.btr --> users.skynet.be /_private/_vti_pvt deptodoc.btr
2009.02.21 15:31 B C:\Documents and Settings\diane\Mes documents\Mes sites Web\mon site\Mes sites Web\monsiteweb\_private\_vti_pvt\doctodep.btr --> users.skynet.be /_private/_vti_pvt doctodep.btr
2009.02.21 15:31 B C:\Documents and Settings\diane\Mes documents\Mes sites Web\mon site\Mes sites Web\monsiteweb\_private\_vti_pvt\fpdbw.ico --> users.skynet.be /_private/_vti_pvt fpdbw.ico
2009.02.21 15:31 B C:\Documents and Settings\diane\Mes documents\Mes sites Web\mon site\Mes sites Web\monsiteweb\_private\_vti_pvt\linkinfo.btr --> users.skynet.be /_private/_vti_pvt linkinfo.btr
2009.02.21 15:31 B C:\Documents and Settings\diane\Mes documents\Mes sites Web\mon site\Mes sites Web\monsiteweb\_private\_vti_pvt\service.cnf --> users.skynet.be /_private/_vti_pvt service.cnf
2009.02.21 15:31 B C:\Documents and Settings\diane\Mes documents\Mes sites Web\mon site\Mes sites Web\monsiteweb\_private\_vti_pvt\service.lck --> users.skynet.be /_private/_vti_pvt service.lck
2009.02.21 15:31 B C:\Documents and Settings\diane\Mes documents\Mes sites Web\mon site\Mes sites Web\monsiteweb\_private\_vti_pvt\services.cnf --> users.skynet.be /_private/_vti_pvt services.cnf
2009.02.21 15:31 B C:\Documents and Settings\diane\Mes documents\Mes sites Web\mon site\Mes sites Web\monsiteweb\_private\_vti_pvt\structure.cnf --> users.skynet.be /_private/_vti_pvt structure.cnf
2009.02.21 15:31 B C:\Documents and Settings\diane\Mes documents\Mes sites Web\mon site\Mes sites Web\monsiteweb\_private\_vti_pvt\writeto.cnf --> users.skynet.be /_private/_vti_pvt writeto.cnf
2009.02.21 15:31 B C:\Documents and Settings\diane\Mes documents\Mes sites Web\mon site\Mes sites Web\monsiteweb\_private\_vti_pvt\WS_FTP.LOG --> users.skynet.be /_private/_vti_pvt WS_FTP.LOG
2009.02.24 10:27 B C:\Documents and Settings\diane\Mes documents\Mes sites Web\mon site\Mes sites Web\monsiteweb\_private\_vti_pvt\_x_todo.htm --> users.skynet.be /_private/_vti_pvt _x_todo.htm
2009.02.24 10:27 B C:\Documents and Settings\diane\Mes documents\Mes sites Web\mon site\Mes sites Web\monsiteweb\_private\_vti_pvt\_x_todoh.htm --> users.skynet.be /_private/_vti_pvt _x_todoh.htm
2009.02.24 10:27 B C:\Documents and Settings\diane\Mes documents\Mes sites Web\mon site\Mes sites Web\monsiteweb\_private\_vti_pvt\botinfs.cnf --> users.skynet.be /_private/_vti_pvt botinfs.cnf
2009.02.24 10:27 B C:\Documents and Settings\diane\Mes documents\Mes sites Web\mon site\Mes sites Web\monsiteweb\_private\_vti_pvt\bots.cnf --> users.skynet.be /_private/_vti_pvt bots.cnf
2009.02.24 10:27 B C:\Documents and Settings\diane\Mes documents\Mes sites Web\mon site\Mes sites Web\monsiteweb\_private\_vti_pvt\deptodoc.btr --> users.skynet.be /_private/_vti_pvt deptodoc.btr
2009.02.24 10:27 B C:\Documents and Settings\diane\Mes documents\Mes sites Web\mon site\Mes sites Web\monsiteweb\_private\_vti_pvt\doctodep.btr --> users.skynet.be /_private/_vti_pvt doctodep.btr
2009.02.24 10:27 B C:\Documents and Settings\diane\Mes documents\Mes sites Web\mon site\Mes sites Web\monsiteweb\_private\_vti_pvt\fpdbw.ico --> users.skynet.be /_private/_vti_pvt fpdbw.ico
2009.02.24 10:27 B C:\Documents and Settings\diane\Mes documents\Mes sites Web\mon site\Mes sites Web\monsiteweb\_private\_vti_pvt\linkinfo.btr --> users.skynet.be /_private/_vti_pvt linkinfo.btr
2009.02.24 10:27 B C:\Documents and Settings\diane\Mes documents\Mes sites Web\mon site\Mes sites Web\monsiteweb\_private\_vti_pvt\service.cnf --> users.skynet.be /_private/_vti_pvt service.cnf
2009.02.24 10:27 B C:\Documents and Settings\diane\Mes documents\Mes sites Web\mon site\Mes sites Web\monsiteweb\_private\_vti_pvt\service.lck --> users.skynet.be /_private/_vti_pvt service.lck
2009.02.24 10:27 B C:\Documents and Settings\diane\Mes documents\Mes sites Web\mon site\Mes sites Web\monsiteweb\_private\_vti_pvt\services.cnf --> users.skynet.be /_private/_vti_pvt services.cnf
2009.02.24 10:27 B C:\Documents and Settings\diane\Mes documents\Mes sites Web\mon site\Mes sites Web\monsiteweb\_private\_vti_pvt\structure.cnf --> users.skynet.be /_private/_vti_pvt structure.cnf
2009.02.24 10:27 B C:\Documents and Settings\diane\Mes documents\Mes sites Web\mon site\Mes sites Web\monsiteweb\_private\_vti_pvt\writeto.cnf --> users.skynet.be /_private/_vti_pvt writeto.cnf
