2003.06.14 22:15 B C:\mon site\Mes sites Web\monsiteweb\index_fichiers\_vti_cnf\.fp_folder_info --> users.belgacom.net /_vti_cnf/index_fichiers/_vti_cnf .fp_folder_info
2003.06.14 22:15 B C:\mon site\Mes sites Web\monsiteweb\index_fichiers\_vti_cnf\filelist.xml --> users.belgacom.net /_vti_cnf/index_fichiers/_vti_cnf filelist.xml
2003.06.14 22:15 B C:\mon site\Mes sites Web\monsiteweb\index_fichiers\_vti_cnf\image001.gif --> users.belgacom.net /_vti_cnf/index_fichiers/_vti_cnf image001.gif
2003.06.14 22:20 B C:\mon site\Mes sites Web\monsiteweb\index_fichiers\_vti_cnf\.fp_folder_info --> users.belgacom.net /index_fichiers/_vti_cnf .fp_folder_info
2003.06.14 22:20 B C:\mon site\Mes sites Web\monsiteweb\index_fichiers\_vti_cnf\filelist.xml --> users.belgacom.net /index_fichiers/_vti_cnf filelist.xml
2003.06.14 22:20 B C:\mon site\Mes sites Web\monsiteweb\index_fichiers\_vti_cnf\image001.gif --> users.belgacom.net /index_fichiers/_vti_cnf image001.gif
2003.06.14 22:20 B C:\mon site\Mes sites Web\monsiteweb\index_fichiers\_vti_cnf\WS_FTP.LOG --> users.belgacom.net /index_fichiers/_vti_cnf WS_FTP.LOG
2003.06.14 22:53 B C:\mon site\Mes sites Web\monsiteweb\index_fichiers\_vti_cnf\WS_FTP.LOG --> users.belgacom.net /index_fichiers/_vti_cnf WS_FTP.LOG
2003.06.14 23:52 B C:\mon site\Mes sites Web\monsiteweb\index_fichiers\_vti_cnf\WS_FTP.LOG --> users.belgacom.net /monsiteweb/index_fichiers/_vti_cnf WS_FTP.LOG
2003.06.15 21:09 B C:\mon site\Mes sites Web\monsiteweb\index_fichiers\_vti_cnf\WS_FTP.LOG --> users.belgacom.net /index_fichiers/_vti_cnf WS_FTP.LOG
2003.06.16 20:09 B C:\mon site\Mes sites Web\monsiteweb\index_fichiers\_vti_cnf\WS_FTP.LOG --> users.belgacom.net /index_fichiers/_vti_cnf WS_FTP.LOG
2003.06.19 21:52 B C:\mon site\Mes sites Web\monsiteweb\index_fichiers\_vti_cnf\WS_FTP.LOG --> users.belgacom.net /index_fichiers/_vti_cnf WS_FTP.LOG
2003.06.22 17:50 B C:\mon site\Mes sites Web\monsiteweb\index_fichiers\_vti_cnf\WS_FTP.LOG --> users.belgacom.net /index_fichiers/_vti_cnf WS_FTP.LOG
2003.06.23 22:52 B C:\mon site\Mes sites Web\monsiteweb\index_fichiers\_vti_cnf\WS_FTP.LOG --> users.belgacom.net /index_fichiers/_vti_cnf WS_FTP.LOG
2003.06.23 23:07 B C:\mon site\Mes sites Web\monsiteweb\index_fichiers\_vti_cnf\WS_FTP.LOG --> users.belgacom.net /index_fichiers/_vti_cnf WS_FTP.LOG
2003.06.23 23:07 B C:\mon site\Mes sites Web\monsiteweb\index_fichiers\_vti_cnf\WS_FTP.LOG --> users.belgacom.net /index_fichiers/_vti_cnf WS_FTP.LOG
2003.11.25 21:50 B C:\mon site\Mes sites Web\monsiteweb\index_fichiers\_vti_cnf\WS_FTP.LOG --> users.belgacom.net /index_fichiers/_vti_cnf WS_FTP.LOG
2006.03.10 22:58 B C:\mon site\Mes sites Web\monsiteweb\index_fichiers\_vti_cnf\.fp_folder_info --> users.skynet.be /index_fichiers/_vti_cnf .fp_folder_info
2006.03.10 22:58 B C:\mon site\Mes sites Web\monsiteweb\index_fichiers\_vti_cnf\filelist.xml --> users.skynet.be /index_fichiers/_vti_cnf filelist.xml
2006.03.10 22:58 B C:\mon site\Mes sites Web\monsiteweb\index_fichiers\_vti_cnf\image001.gif --> users.skynet.be /index_fichiers/_vti_cnf image001.gif
2006.03.10 22:58 B C:\mon site\Mes sites Web\monsiteweb\index_fichiers\_vti_cnf\WS_FTP.LOG --> users.skynet.be /index_fichiers/_vti_cnf WS_FTP.LOG
2008.01.27 13:18 B C:\Documents and Settings\diane\Mes documents\Mes sites Web\mon site\Mes sites Web\monsiteweb\index_fichiers\_vti_cnf\WS_FTP.LOG --> users.skynet.be /index_fichiers/_vti_cnf WS_FTP.LOG
2008.01.27 13:18 B C:\Documents and Settings\diane\Mes documents\Mes sites Web\mon site\Mes sites Web\monsiteweb\index_fichiers\_vti_cnf\WS_FTP.LOG --> users.skynet.be /index_fichiers/_vti_cnf WS_FTP.LOG
2008.01.27 13:19 B C:\Documents and Settings\diane\Mes documents\Mes sites Web\mon site\Mes sites Web\monsiteweb\index_fichiers\_vti_cnf\WS_FTP.LOG --> users.skynet.be /index_fichiers/_vti_cnf WS_FTP.LOG
2008.01.27 13:21 B C:\Documents and Settings\diane\Mes documents\Mes sites Web\mon site\Mes sites Web\monsiteweb\index_fichiers\_vti_cnf\WS_FTP.LOG --> users.skynet.be /index_fichiers/_vti_cnf WS_FTP.LOG
2008.08.21 09:53 B C:\Documents and Settings\diane\Mes documents\Mes sites Web\mon site\Mes sites Web\monsiteweb\index_fichiers\_vti_cnf\.fp_folder_info --> users.skynet.be /index_fichiers/_vti_cnf .fp_folder_info
2008.08.21 09:53 B C:\Documents and Settings\diane\Mes documents\Mes sites Web\mon site\Mes sites Web\monsiteweb\index_fichiers\_vti_cnf\filelist.xml --> users.skynet.be /index_fichiers/_vti_cnf filelist.xml
2008.08.21 09:53 B C:\Documents and Settings\diane\Mes documents\Mes sites Web\mon site\Mes sites Web\monsiteweb\index_fichiers\_vti_cnf\image001.gif --> users.skynet.be /index_fichiers/_vti_cnf image001.gif
2008.08.21 09:53 B C:\Documents and Settings\diane\Mes documents\Mes sites Web\mon site\Mes sites Web\monsiteweb\index_fichiers\_vti_cnf\WS_FTP.LOG --> users.skynet.be /index_fichiers/_vti_cnf WS_FTP.LOG
2008.09.29 21:17 B C:\Documents and Settings\diane\Mes documents\Mes sites Web\mon site\Mes sites Web\monsiteweb\index_fichiers\_vti_cnf\.fp_folder_info --> users.skynet.be /index_fichiers/_vti_cnf .fp_folder_info
2008.09.29 21:17 B C:\Documents and Settings\diane\Mes documents\Mes sites Web\mon site\Mes sites Web\monsiteweb\index_fichiers\_vti_cnf\filelist.xml --> users.skynet.be /index_fichiers/_vti_cnf filelist.xml
2008.09.29 21:17 B C:\Documents and Settings\diane\Mes documents\Mes sites Web\mon site\Mes sites Web\monsiteweb\index_fichiers\_vti_cnf\image001.gif --> users.skynet.be /index_fichiers/_vti_cnf image001.gif
2008.09.29 21:17 B C:\Documents and Settings\diane\Mes documents\Mes sites Web\mon site\Mes sites Web\monsiteweb\index_fichiers\_vti_cnf\WS_FTP.LOG --> users.skynet.be /index_fichiers/_vti_cnf WS_FTP.LOG
2008.11.15 09:04 B C:\Documents and Settings\diane\Mes documents\Mes sites Web\mon site\Mes sites Web\monsiteweb\index_fichiers\_vti_cnf\WS_FTP.LOG --> users.skynet.be /index_fichiers/_vti_cnf WS_FTP.LOG
2009.01.03 12:39 B C:\Documents and Settings\diane\Mes documents\Mes sites Web\mon site\Mes sites Web\monsiteweb\index_fichiers\_vti_cnf\.fp_folder_info --> users.skynet.be /index_fichiers/_vti_cnf .fp_folder_info
2009.01.03 12:39 B C:\Documents and Settings\diane\Mes documents\Mes sites Web\mon site\Mes sites Web\monsiteweb\index_fichiers\_vti_cnf\filelist.xml --> users.skynet.be /index_fichiers/_vti_cnf filelist.xml
2009.01.03 12:39 B C:\Documents and Settings\diane\Mes documents\Mes sites Web\mon site\Mes sites Web\monsiteweb\index_fichiers\_vti_cnf\image001.gif --> users.skynet.be /index_fichiers/_vti_cnf image001.gif
2009.01.03 12:39 B C:\Documents and Settings\diane\Mes documents\Mes sites Web\mon site\Mes sites Web\monsiteweb\index_fichiers\_vti_cnf\WS_FTP.LOG --> users.skynet.be /index_fichiers/_vti_cnf WS_FTP.LOG
2009.01.21 11:22 B C:\Documents and Settings\diane\Mes documents\Mes sites Web\mon site\Mes sites Web\monsiteweb\index_fichiers\_vti_cnf\.fp_folder_info --> users.skynet.be /index_fichiers/_vti_cnf .fp_folder_info
2009.01.21 11:22 B C:\Documents and Settings\diane\Mes documents\Mes sites Web\mon site\Mes sites Web\monsiteweb\index_fichiers\_vti_cnf\filelist.xml --> users.skynet.be /index_fichiers/_vti_cnf filelist.xml
2009.01.21 11:22 B C:\Documents and Settings\diane\Mes documents\Mes sites Web\mon site\Mes sites Web\monsiteweb\index_fichiers\_vti_cnf\image001.gif --> users.skynet.be /index_fichiers/_vti_cnf image001.gif
2009.01.21 11:22 B C:\Documents and Settings\diane\Mes documents\Mes sites Web\mon site\Mes sites Web\monsiteweb\index_fichiers\_vti_cnf\WS_FTP.LOG --> users.skynet.be /index_fichiers/_vti_cnf WS_FTP.LOG
2009.01.25 11:05 B C:\Documents and Settings\diane\Mes documents\Mes sites Web\mon site\Mes sites Web\monsiteweb\index_fichiers\_vti_cnf\.fp_folder_info --> users.skynet.be /index_fichiers/_vti_cnf .fp_folder_info
2009.01.25 11:05 B C:\Documents and Settings\diane\Mes documents\Mes sites Web\mon site\Mes sites Web\monsiteweb\index_fichiers\_vti_cnf\filelist.xml --> users.skynet.be /index_fichiers/_vti_cnf filelist.xml
2009.01.25 11:05 B C:\Documents and Settings\diane\Mes documents\Mes sites Web\mon site\Mes sites Web\monsiteweb\index_fichiers\_vti_cnf\image001.gif --> users.skynet.be /index_fichiers/_vti_cnf image001.gif
2009.01.25 11:05 B C:\Documents and Settings\diane\Mes documents\Mes sites Web\mon site\Mes sites Web\monsiteweb\index_fichiers\_vti_cnf\WS_FTP.LOG --> users.skynet.be /index_fichiers/_vti_cnf WS_FTP.LOG
2009.01.31 07:21 B C:\Documents and Settings\diane\Mes documents\Mes sites Web\mon site\Mes sites Web\monsiteweb\index_fichiers\_vti_cnf\.fp_folder_info --> users.skynet.be /index_fichiers/_vti_cnf .fp_folder_info
2009.01.31 07:21 B C:\Documents and Settings\diane\Mes documents\Mes sites Web\mon site\Mes sites Web\monsiteweb\index_fichiers\_vti_cnf\filelist.xml --> users.skynet.be /index_fichiers/_vti_cnf filelist.xml
2009.01.31 07:21 B C:\Documents and Settings\diane\Mes documents\Mes sites Web\mon site\Mes sites Web\monsiteweb\index_fichiers\_vti_cnf\image001.gif --> users.skynet.be /index_fichiers/_vti_cnf image001.gif
2009.01.31 07:21 B C:\Documents and Settings\diane\Mes documents\Mes sites Web\mon site\Mes sites Web\monsiteweb\index_fichiers\_vti_cnf\WS_FTP.LOG --> users.skynet.be /index_fichiers/_vti_cnf WS_FTP.LOG
2009.02.05 10:57 B C:\Documents and Settings\diane\Mes documents\Mes sites Web\mon site\Mes sites Web\monsiteweb\index_fichiers\_vti_cnf\.fp_folder_info --> users.skynet.be /index_fichiers/_vti_cnf .fp_folder_info
2009.02.05 10:57 B C:\Documents and Settings\diane\Mes documents\Mes sites Web\mon site\Mes sites Web\monsiteweb\index_fichiers\_vti_cnf\filelist.xml --> users.skynet.be /index_fichiers/_vti_cnf filelist.xml
2009.02.05 10:57 B C:\Documents and Settings\diane\Mes documents\Mes sites Web\mon site\Mes sites Web\monsiteweb\index_fichiers\_vti_cnf\image001.gif --> users.skynet.be /index_fichiers/_vti_cnf image001.gif
2009.02.05 10:57 B C:\Documents and Settings\diane\Mes documents\Mes sites Web\mon site\Mes sites Web\monsiteweb\index_fichiers\_vti_cnf\WS_FTP.LOG --> users.skynet.be /index_fichiers/_vti_cnf WS_FTP.LOG
2009.02.21 15:35 B C:\Documents and Settings\diane\Mes documents\Mes sites Web\mon site\Mes sites Web\monsiteweb\index_fichiers\_vti_cnf\.fp_folder_info --> users.skynet.be /index_fichiers/_vti_cnf .fp_folder_info
2009.02.21 15:35 B C:\Documents and Settings\diane\Mes documents\Mes sites Web\mon site\Mes sites Web\monsiteweb\index_fichiers\_vti_cnf\filelist.xml --> users.skynet.be /index_fichiers/_vti_cnf filelist.xml
2009.02.21 15:35 B C:\Documents and Settings\diane\Mes documents\Mes sites Web\mon site\Mes sites Web\monsiteweb\index_fichiers\_vti_cnf\image001.gif --> users.skynet.be /index_fichiers/_vti_cnf image001.gif
2009.02.21 15:35 B C:\Documents and Settings\diane\Mes documents\Mes sites Web\mon site\Mes sites Web\monsiteweb\index_fichiers\_vti_cnf\WS_FTP.LOG --> users.skynet.be /index_fichiers/_vti_cnf WS_FTP.LOG
2009.02.24 10:33 B C:\Documents and Settings\diane\Mes documents\Mes sites Web\mon site\Mes sites Web\monsiteweb\index_fichiers\_vti_cnf\.fp_folder_info --> users.skynet.be /index_fichiers/_vti_cnf .fp_folder_info
2009.02.24 10:33 B C:\Documents and Settings\diane\Mes documents\Mes sites Web\mon site\Mes sites Web\monsiteweb\index_fichiers\_vti_cnf\filelist.xml --> users.skynet.be /index_fichiers/_vti_cnf filelist.xml
2009.02.24 10:33 B C:\Documents and Settings\diane\Mes documents\Mes sites Web\mon site\Mes sites Web\monsiteweb\index_fichiers\_vti_cnf\image001.gif --> users.skynet.be /index_fichiers/_vti_cnf image001.gif
